<?xml version="1.0" encoding="UTF-8"?>
<testng-results skipped="0" failed="0" total="1" passed="1">
  <reporter-output>
  </reporter-output>
  <suite name="RegressionTestPack" duration-ms="30833" started-at="2016-02-01T23:06:12Z" finished-at="2016-02-01T23:06:43Z">
    <groups>
    </groups>
    <test name="login" duration-ms="30833" started-at="2016-02-01T23:06:12Z" finished-at="2016-02-01T23:06:43Z">
      <class name="com.selenium.LoginTest">
        <test-method status="PASS" signature="setUp()[pri:0, instance:com.selenium.LoginTest@45a79117]" name="setUp" is-config="true" duration-ms="6406" started-at="2016-02-01T23:06:12Z" finished-at="2016-02-01T23:06:19Z">
          <reporter-output>
          </reporter-output>
        </test-method> <!-- setUp -->
        <test-method status="PASS" signature="test()[pri:0, instance:com.selenium.LoginTest@45a79117]" name="test" duration-ms="23545" started-at="2016-02-01T23:06:19Z" finished-at="2016-02-01T23:06:42Z">
          <reporter-output>
          </reporter-output>
        </test-method> <!-- test -->
        <test-method status="PASS" signature="tearDown()[pri:0, instance:com.selenium.LoginTest@45a79117]" name="tearDown" is-config="true" duration-ms="860" started-at="2016-02-01T23:06:42Z" finished-at="2016-02-01T23:06:43Z">
          <reporter-output>
          </reporter-output>
        </test-method> <!-- tearDown -->
      </class> <!-- com.selenium.LoginTest -->
    </test> <!-- login -->
  </suite> <!-- RegressionTestPack -->
</testng-results>
